     Assembly listing for: Example2.3-If then.mas
                Assembled: Mon Mar 07 13:53:27 GMT 2016

         |                          /MARIE will consider characters after ‘/‘ as comments
000 1008 |  If     LOAD A           /Load A
001 8800 |         SKIPCOND 800     /If AC>0, skip next instruction
002 9007 |         JUMP Endif       /Jump to Else if AC <> 0
003 1008 |  Then   LOAD A           /Reload X so it can be increased
004 3009 |         ADD One          /AC=A+1
005 2008 |         STORE A          /Store the new value in A.
006 6000 |         OUTPUT           /Display AC contents on screen
007 7000 |  Endif  HALT             /Terminate program
008 000A |  A      DEC 10           /A=10
009 0001 |  One    DEC 1            /One=1
         |                          
         |                          /After this program executes, A will become 11 

Assembly successful.

         SYMBOL TABLE
         --------------------------------------------------
          Symbol | Defined | References 
         --------+---------+-------------------------------
          A      |   008   | 000, 003, 005
          Endif  |   007   | 002
          If     |   000   | 
          One    |   009   | 004
          Then   |   003   | 
         --------------------------------------------------

